Sun May 17 00:02:36 UTC 2026

[1;36m==> Checking prerequisites[0m

[1;36m==> Installing npm dependencies[0m

added 25 packages, and audited 26 packages in 530ms

6 packages are looking for funding
  run `npm fund` for details

found 0 vulnerabilities

added 69 packages, and audited 70 packages in 837ms

9 packages are looking for funding
  run `npm fund` for details

found 0 vulnerabilities

[1;36m==> Warming local N# CLI build[0m

Build succeeded.
    0 Warning(s)
    0 Error(s)

Time Elapsed 00:00:00.65

[1;36m==> Building React frontend into backend/wwwroot[0m

> issue-tracker-frontend@1.0.0 build
> tsc && vite build

vite v6.4.2 building for production...
transforming...
✓ 30 modules transformed.
rendering chunks...
computing gzip size...
../backend/wwwroot/index.html                   0.41 kB │ gzip:  0.28 kB
../backend/wwwroot/assets/index-CWGU2uNT.css    4.20 kB │ gzip:  1.62 kB
../backend/wwwroot/assets/index-B4U0TWS7.js   201.45 kB │ gzip: 63.39 kB
✓ built in 294ms

[1;36m==> Restoring and building N# ASP.NET backend[0m
Generated obj/project.g.props from project.yml
  Determining projects to restore...
  Restored /Users/spencer/code/nsharplang/examples/17-issue-tracker/backend/IssueTracker.csproj (in 153 ms).
/Users/spencer/code/nsharplang/examples/17-issue-tracker/backend/obj/Debug/net10.0/nsharp/__NSharpIlStub.g.cs(31,16): warning CS8618: Non-nullable field 'issues' must contain a non-null value when exiting constructor. Consider adding the 'required' modifier or declaring the field as nullable. [/Users/spencer/code/nsharplang/examples/17-issue-tracker/backend/IssueTracker.csproj]
/Users/spencer/code/nsharplang/examples/17-issue-tracker/backend/obj/Debug/net10.0/nsharp/__NSharpIlStub.g.cs(52,16): warning CS8618: Non-nullable field 'service' must contain a non-null value when exiting constructor. Consider adding the 'required' modifier or declaring the field as nullable. [/Users/spencer/code/nsharplang/examples/17-issue-tracker/backend/IssueTracker.csproj]
/Users/spencer/code/nsharplang/examples/17-issue-tracker/backend/obj/Debug/net10.0/nsharp/__NSharpIlStub.g.cs(52,16): warning CS8618: Non-nullable field 'jsonOptions' must contain a non-null value when exiting constructor. Consider adding the 'required' modifier or declaring the field as nullable. [/Users/spencer/code/nsharplang/examples/17-issue-tracker/backend/IssueTracker.csproj]
/Users/spencer/code/nsharplang/examples/17-issue-tracker/backend/obj/Debug/net10.0/nsharp/__NSharpIlStub.g.cs(75,23): warning CS8618: Non-nullable field 'Title' must contain a non-null value when exiting constructor. Consider adding the 'required' modifier or declaring the field as nullable. [/Users/spencer/code/nsharplang/examples/17-issue-tracker/backend/IssueTracker.csproj]
/Users/spencer/code/nsharplang/examples/17-issue-tracker/backend/obj/Debug/net10.0/nsharp/__NSharpIlStub.g.cs(77,23): warning CS8618: Non-nullable field 'Description' must contain a non-null value when exiting constructor. Consider adding the 'required' modifier or declaring the field as nullable. [/Users/spencer/code/nsharplang/examples/17-issue-tracker/backend/IssueTracker.csproj]
/Users/spencer/code/nsharplang/examples/17-issue-tracker/backend/obj/Debug/net10.0/nsharp/__NSharpIlStub.g.cs(79,23): warning CS8618: Non-nullable field 'Priority' must contain a non-null value when exiting constructor. Consider adding the 'required' modifier or declaring the field as nullable. [/Users/spencer/code/nsharplang/examples/17-issue-tracker/backend/IssueTracker.csproj]
/Users/spencer/code/nsharplang/examples/17-issue-tracker/backend/obj/Debug/net10.0/nsharp/__NSharpIlStub.g.cs(81,25): warning CS8618: Non-nullable field 'Tags' must contain a non-null value when exiting constructor. Consider adding the 'required' modifier or declaring the field as nullable. [/Users/spencer/code/nsharplang/examples/17-issue-tracker/backend/IssueTracker.csproj]
/Users/spencer/code/nsharplang/examples/17-issue-tracker/backend/obj/Debug/net10.0/nsharp/__NSharpIlStub.g.cs(108,23): warning CS8618: Non-nullable field 'Status' must contain a non-null value when exiting constructor. Consider adding the 'required' modifier or declaring the field as nullable. [/Users/spencer/code/nsharplang/examples/17-issue-tracker/backend/IssueTracker.csproj]
/Users/spencer/code/nsharplang/examples/17-issue-tracker/backend/obj/Debug/net10.0/nsharp/__NSharpIlStub.g.cs(86,23): warning CS8618: Non-nullable field 'Type' must contain a non-null value when exiting constructor. Consider adding the 'required' modifier or declaring the field as nullable. [/Users/spencer/code/nsharplang/examples/17-issue-tracker/backend/IssueTracker.csproj]
/Users/spencer/code/nsharplang/examples/17-issue-tracker/backend/obj/Debug/net10.0/nsharp/__NSharpIlStub.g.cs(217,23): warning CS8618: Non-nullable field 'Body' must contain a non-null value when exiting constructor. Consider adding the 'required' modifier or declaring the field as nullable. [/Users/spencer/code/nsharplang/examples/17-issue-tracker/backend/IssueTracker.csproj]
/Users/spencer/code/nsharplang/examples/17-issue-tracker/backend/obj/Debug/net10.0/nsharp/__NSharpIlStub.g.cs(93,23): warning CS8618: Non-nullable field 'Title' must contain a non-null value when exiting constructor. Consider adding the 'required' modifier or declaring the field as nullable. [/Users/spencer/code/nsharplang/examples/17-issue-tracker/backend/IssueTracker.csproj]
/Users/spencer/code/nsharplang/examples/17-issue-tracker/backend/obj/Debug/net10.0/nsharp/__NSharpIlStub.g.cs(95,23): warning CS8618: Non-nullable field 'Description' must contain a non-null value when exiting constructor. Consider adding the 'required' modifier or declaring the field as nullable. [/Users/spencer/code/nsharplang/examples/17-issue-tracker/backend/IssueTracker.csproj]
/Users/spencer/code/nsharplang/examples/17-issue-tracker/backend/obj/Debug/net10.0/nsharp/__NSharpIlStub.g.cs(97,36): warning CS8618: Non-nullable field 'Status' must contain a non-null value when exiting constructor. Consider adding the 'required' modifier or declaring the field as nullable. [/Users/spencer/code/nsharplang/examples/17-issue-tracker/backend/IssueTracker.csproj]
/Users/spencer/code/nsharplang/examples/17-issue-tracker/backend/obj/Debug/net10.0/nsharp/__NSharpIlStub.g.cs(99,23): warning CS8618: Non-nullable field 'Priority' must contain a non-null value when exiting constructor. Consider adding the 'required' modifier or declaring the field as nullable. [/Users/spencer/code/nsharplang/examples/17-issue-tracker/backend/IssueTracker.csproj]
/Users/spencer/code/nsharplang/examples/17-issue-tracker/backend/obj/Debug/net10.0/nsharp/__NSharpIlStub.g.cs(103,25): warning CS8618: Non-nullable field 'Tags' must contain a non-null value when exiting constructor. Consider adding the 'required' modifier or declaring the field as nullable. [/Users/spencer/code/nsharplang/examples/17-issue-tracker/backend/IssueTracker.csproj]
/Users/spencer/code/nsharplang/examples/17-issue-tracker/backend/obj/Debug/net10.0/nsharp/__NSharpIlStub.g.cs(236,16): warning CS8618: Non-nullable field 'webhookUrl' must contain a non-null value when exiting constructor. Consider adding the 'required' modifier or declaring the field as nullable. [/Users/spencer/code/nsharplang/examples/17-issue-tracker/backend/IssueTracker.csproj]
/Users/spencer/code/nsharplang/examples/17-issue-tracker/backend/obj/Debug/net10.0/nsharp/__NSharpIlStub.g.cs(247,16): warning CS8618: Non-nullable field 'notifiers' must contain a non-null value when exiting constructor. Consider adding the 'required' modifier or declaring the field as nullable. [/Users/spencer/code/nsharplang/examples/17-issue-tracker/backend/IssueTracker.csproj]
/Users/spencer/code/nsharplang/examples/17-issue-tracker/backend/obj/Debug/net10.0/nsharp/__NSharpIlStub.g.cs(177,20): warning CS8618: Non-nullable field 'field' must contain a non-null value when exiting constructor. Consider adding the 'required' modifier or declaring the field as nullable. [/Users/spencer/code/nsharplang/examples/17-issue-tracker/backend/IssueTracker.csproj]
/Users/spencer/code/nsharplang/examples/17-issue-tracker/backend/obj/Debug/net10.0/nsharp/__NSharpIlStub.g.cs(177,20): warning CS8618: Non-nullable field 'reason' must contain a non-null value when exiting constructor. Consider adding the 'required' modifier or declaring the field as nullable. [/Users/spencer/code/nsharplang/examples/17-issue-tracker/backend/IssueTracker.csproj]
/Users/spencer/code/nsharplang/examples/17-issue-tracker/backend/obj/Debug/net10.0/nsharp/__NSharpIlStub.g.cs(204,23): warning CS8618: Non-nullable field 'Name' must contain a non-null value when exiting constructor. Consider adding the 'required' modifier or declaring the field as nullable. [/Users/spencer/code/nsharplang/examples/17-issue-tracker/backend/IssueTracker.csproj]
/Users/spencer/code/nsharplang/examples/17-issue-tracker/backend/obj/Debug/net10.0/nsharp/__NSharpIlStub.g.cs(206,23): warning CS8618: Non-nullable field 'Email' must contain a non-null value when exiting constructor. Consider adding the 'required' modifier or declaring the field as nullable. [/Users/spencer/code/nsharplang/examples/17-issue-tracker/backend/IssueTracker.csproj]
/Users/spencer/code/nsharplang/examples/17-issue-tracker/backend/obj/Debug/net10.0/nsharp/__NSharpIlStub.g.cs(266,16): warning CS8618: Non-nullable field 'store' must contain a non-null value when exiting constructor. Consider adding the 'required' modifier or declaring the field as nullable. [/Users/spencer/code/nsharplang/examples/17-issue-tracker/backend/IssueTracker.csproj]
/Users/spencer/code/nsharplang/examples/17-issue-tracker/backend/obj/Debug/net10.0/nsharp/__NSharpIlStub.g.cs(266,16): warning CS8618: Non-nullable field 'notifiers' must contain a non-null value when exiting constructor. Consider adding the 'required' modifier or declaring the field as nullable. [/Users/spencer/code/nsharplang/examples/17-issue-tracker/backend/IssueTracker.csproj]
/Users/spencer/code/nsharplang/examples/17-issue-tracker/backend/obj/Debug/net10.0/nsharp/__NSharpIlStub.g.cs(168,20): warning CS8618: Non-nullable field 'from' must contain a non-null value when exiting constructor. Consider adding the 'required' modifier or declaring the field as nullable. [/Users/spencer/code/nsharplang/examples/17-issue-tracker/backend/IssueTracker.csproj]
/Users/spencer/code/nsharplang/examples/17-issue-tracker/backend/obj/Debug/net10.0/nsharp/__NSharpIlStub.g.cs(168,20): warning CS8618: Non-nullable field 'to' must contain a non-null value when exiting constructor. Consider adding the 'required' modifier or declaring the field as nullable. [/Users/spencer/code/nsharplang/examples/17-issue-tracker/backend/IssueTracker.csproj]
/Users/spencer/code/nsharplang/examples/17-issue-tracker/backend/obj/Debug/net10.0/nsharp/__NSharpIlStub.g.cs(144,20): warning CS8618: Non-nullable field 'resolution' must contain a non-null value when exiting constructor. Consider adding the 'required' modifier or declaring the field as nullable. [/Users/spencer/code/nsharplang/examples/17-issue-tracker/backend/IssueTracker.csproj]
/Users/spencer/code/nsharplang/examples/17-issue-tracker/backend/obj/Debug/net10.0/nsharp/__NSharpIlStub.g.cs(187,23): warning CS8618: Non-nullable field 'Title' must contain a non-null value when exiting constructor. Consider adding the 'required' modifier or declaring the field as nullable. [/Users/spencer/code/nsharplang/examples/17-issue-tracker/backend/IssueTracker.csproj]
/Users/spencer/code/nsharplang/examples/17-issue-tracker/backend/obj/Debug/net10.0/nsharp/__NSharpIlStub.g.cs(189,23): warning CS8618: Non-nullable field 'Description' must contain a non-null value when exiting constructor. Consider adding the 'required' modifier or declaring the field as nullable. [/Users/spencer/code/nsharplang/examples/17-issue-tracker/backend/IssueTracker.csproj]
/Users/spencer/code/nsharplang/examples/17-issue-tracker/backend/obj/Debug/net10.0/nsharp/__NSharpIlStub.g.cs(191,28): warning CS8618: Non-nullable field 'Status' must contain a non-null value when exiting constructor. Consider adding the 'required' modifier or declaring the field as nullable. [/Users/spencer/code/nsharplang/examples/17-issue-tracker/backend/IssueTracker.csproj]
/Users/spencer/code/nsharplang/examples/17-issue-tracker/backend/obj/Debug/net10.0/nsharp/__NSharpIlStub.g.cs(197,25): warning CS8618: Non-nullable field 'Tags' must contain a non-null value when exiting constructor. Consider adding the 'required' modifier or declaring the field as nullable. [/Users/spencer/code/nsharplang/examples/17-issue-tracker/backend/IssueTracker.csproj]
/Users/spencer/code/nsharplang/examples/17-issue-tracker/backend/obj/Debug/net10.0/nsharp/__NSharpIlStub.g.cs(48,31): warning CS0649: Field 'Routes.service' is never assigned to, and will always have its default value null [/Users/spencer/code/nsharplang/examples/17-issue-tracker/backend/IssueTracker.csproj]
/Users/spencer/code/nsharplang/examples/17-issue-tracker/backend/obj/Debug/net10.0/nsharp/__NSharpIlStub.g.cs(143,31): warning CS0649: Field 'IssueStatus.Closed.closedAt' is never assigned to, and will always have its default value [/Users/spencer/code/nsharplang/examples/17-issue-tracker/backend/IssueTracker.csproj]
/Users/spencer/code/nsharplang/examples/17-issue-tracker/backend/obj/Debug/net10.0/nsharp/__NSharpIlStub.g.cs(175,29): warning CS0649: Field 'IssueError.ValidationFailed.field' is never assigned to, and will always have its default value null [/Users/spencer/code/nsharplang/examples/17-issue-tracker/backend/IssueTracker.csproj]
/Users/spencer/code/nsharplang/examples/17-issue-tracker/backend/obj/Debug/net10.0/nsharp/__NSharpIlStub.g.cs(260,29): warning CS0649: Field 'IssueService.store' is never assigned to, and will always have its default value null [/Users/spencer/code/nsharplang/examples/17-issue-tracker/backend/IssueTracker.csproj]
/Users/spencer/code/nsharplang/examples/17-issue-tracker/backend/obj/Debug/net10.0/nsharp/__NSharpIlStub.g.cs(50,40): warning CS0649: Field 'Routes.jsonOptions' is never assigned to, and will always have its default value null [/Users/spencer/code/nsharplang/examples/17-issue-tracker/backend/IssueTracker.csproj]
/Users/spencer/code/nsharplang/examples/17-issue-tracker/backend/obj/Debug/net10.0/nsharp/__NSharpIlStub.g.cs(176,29): warning CS0649: Field 'IssueError.ValidationFailed.reason' is never assigned to, and will always have its default value null [/Users/spencer/code/nsharplang/examples/17-issue-tracker/backend/IssueTracker.csproj]
/Users/spencer/code/nsharplang/examples/17-issue-tracker/backend/obj/Debug/net10.0/nsharp/__NSharpIlStub.g.cs(134,26): warning CS0649: Field 'IssueStatus.InProgress.assigneeId' is never assigned to, and will always have its default value 0 [/Users/spencer/code/nsharplang/examples/17-issue-tracker/backend/IssueTracker.csproj]
/Users/spencer/code/nsharplang/examples/17-issue-tracker/backend/obj/Debug/net10.0/nsharp/__NSharpIlStub.g.cs(245,34): warning CS0649: Field 'NotifierHub.notifiers' is never assigned to, and will always have its default value null [/Users/spencer/code/nsharplang/examples/17-issue-tracker/backend/IssueTracker.csproj]
/Users/spencer/code/nsharplang/examples/17-issue-tracker/backend/obj/Debug/net10.0/nsharp/__NSharpIlStub.g.cs(234,25): warning CS0649: Field 'SlackNotifier.webhookUrl' is never assigned to, and will always have its default value null [/Users/spencer/code/nsharplang/examples/17-issue-tracker/backend/IssueTracker.csproj]
/Users/spencer/code/nsharplang/examples/17-issue-tracker/backend/obj/Debug/net10.0/nsharp/__NSharpIlStub.g.cs(142,29): warning CS0649: Field 'IssueStatus.Closed.resolution' is never assigned to, and will always have its default value null [/Users/spencer/code/nsharplang/examples/17-issue-tracker/backend/IssueTracker.csproj]
/Users/spencer/code/nsharplang/examples/17-issue-tracker/backend/obj/Debug/net10.0/nsharp/__NSharpIlStub.g.cs(264,22): warning CS0649: Field 'IssueService.nextId' is never assigned to, and will always have its default value 0 [/Users/spencer/code/nsharplang/examples/17-issue-tracker/backend/IssueTracker.csproj]
/Users/spencer/code/nsharplang/examples/17-issue-tracker/backend/obj/Debug/net10.0/nsharp/__NSharpIlStub.g.cs(262,30): warning CS0649: Field 'IssueService.notifiers' is never assigned to, and will always have its default value null [/Users/spencer/code/nsharplang/examples/17-issue-tracker/backend/IssueTracker.csproj]
/Users/spencer/code/nsharplang/examples/17-issue-tracker/backend/obj/Debug/net10.0/nsharp/__NSharpIlStub.g.cs(166,29): warning CS0649: Field 'IssueError.InvalidTransition.from' is never assigned to, and will always have its default value null [/Users/spencer/code/nsharplang/examples/17-issue-tracker/backend/IssueTracker.csproj]
/Users/spencer/code/nsharplang/examples/17-issue-tracker/backend/obj/Debug/net10.0/nsharp/__NSharpIlStub.g.cs(158,26): warning CS0649: Field 'IssueError.NotFound.id' is never assigned to, and will always have its default value 0 [/Users/spencer/code/nsharplang/examples/17-issue-tracker/backend/IssueTracker.csproj]
/Users/spencer/code/nsharplang/examples/17-issue-tracker/backend/obj/Debug/net10.0/nsharp/__NSharpIlStub.g.cs(167,29): warning CS0649: Field 'IssueError.InvalidTransition.to' is never assigned to, and will always have its default value null [/Users/spencer/code/nsharplang/examples/17-issue-tracker/backend/IssueTracker.csproj]
/Users/spencer/code/nsharplang/examples/17-issue-tracker/backend/obj/Debug/net10.0/nsharp/__NSharpIlStub.g.cs(29,30): warning CS0649: Field 'IssueStore.issues' is never assigned to, and will always have its default value null [/Users/spencer/code/nsharplang/examples/17-issue-tracker/backend/IssueTracker.csproj]
  Emitting N# IL assembly to obj/Debug/net10.0/IssueTracker.dll...
  Emitted N# IL assembly to obj/Debug/net10.0/IssueTracker.dll
  IssueTracker -> /Users/spencer/code/nsharplang/examples/17-issue-tracker/backend/bin/Debug/net10.0/IssueTracker.dll

Build succeeded.

/Users/spencer/code/nsharplang/examples/17-issue-tracker/backend/obj/Debug/net10.0/nsharp/__NSharpIlStub.g.cs(31,16): warning CS8618: Non-nullable field 'issues' must contain a non-null value when exiting constructor. Consider adding the 'required' modifier or declaring the field as nullable. [/Users/spencer/code/nsharplang/examples/17-issue-tracker/backend/IssueTracker.csproj]
/Users/spencer/code/nsharplang/examples/17-issue-tracker/backend/obj/Debug/net10.0/nsharp/__NSharpIlStub.g.cs(52,16): warning CS8618: Non-nullable field 'service' must contain a non-null value when exiting constructor. Consider adding the 'required' modifier or declaring the field as nullable. [/Users/spencer/code/nsharplang/examples/17-issue-tracker/backend/IssueTracker.csproj]
/Users/spencer/code/nsharplang/examples/17-issue-tracker/backend/obj/Debug/net10.0/nsharp/__NSharpIlStub.g.cs(52,16): warning CS8618: Non-nullable field 'jsonOptions' must contain a non-null value when exiting constructor. Consider adding the 'required' modifier or declaring the field as nullable. [/Users/spencer/code/nsharplang/examples/17-issue-tracker/backend/IssueTracker.csproj]
/Users/spencer/code/nsharplang/examples/17-issue-tracker/backend/obj/Debug/net10.0/nsharp/__NSharpIlStub.g.cs(75,23): warning CS8618: Non-nullable field 'Title' must contain a non-null value when exiting constructor. Consider adding the 'required' modifier or declaring the field as nullable. [/Users/spencer/code/nsharplang/examples/17-issue-tracker/backend/IssueTracker.csproj]
/Users/spencer/code/nsharplang/examples/17-issue-tracker/backend/obj/Debug/net10.0/nsharp/__NSharpIlStub.g.cs(77,23): warning CS8618: Non-nullable field 'Description' must contain a non-null value when exiting constructor. Consider adding the 'required' modifier or declaring the field as nullable. [/Users/spencer/code/nsharplang/examples/17-issue-tracker/backend/IssueTracker.csproj]
/Users/spencer/code/nsharplang/examples/17-issue-tracker/backend/obj/Debug/net10.0/nsharp/__NSharpIlStub.g.cs(79,23): warning CS8618: Non-nullable field 'Priority' must contain a non-null value when exiting constructor. Consider adding the 'required' modifier or declaring the field as nullable. [/Users/spencer/code/nsharplang/examples/17-issue-tracker/backend/IssueTracker.csproj]
/Users/spencer/code/nsharplang/examples/17-issue-tracker/backend/obj/Debug/net10.0/nsharp/__NSharpIlStub.g.cs(81,25): warning CS8618: Non-nullable field 'Tags' must contain a non-null value when exiting constructor. Consider adding the 'required' modifier or declaring the field as nullable. [/Users/spencer/code/nsharplang/examples/17-issue-tracker/backend/IssueTracker.csproj]
/Users/spencer/code/nsharplang/examples/17-issue-tracker/backend/obj/Debug/net10.0/nsharp/__NSharpIlStub.g.cs(108,23): warning CS8618: Non-nullable field 'Status' must contain a non-null value when exiting constructor. Consider adding the 'required' modifier or declaring the field as nullable. [/Users/spencer/code/nsharplang/examples/17-issue-tracker/backend/IssueTracker.csproj]
/Users/spencer/code/nsharplang/examples/17-issue-tracker/backend/obj/Debug/net10.0/nsharp/__NSharpIlStub.g.cs(86,23): warning CS8618: Non-nullable field 'Type' must contain a non-null value when exiting constructor. Consider adding the 'required' modifier or declaring the field as nullable. [/Users/spencer/code/nsharplang/examples/17-issue-tracker/backend/IssueTracker.csproj]
/Users/spencer/code/nsharplang/examples/17-issue-tracker/backend/obj/Debug/net10.0/nsharp/__NSharpIlStub.g.cs(217,23): warning CS8618: Non-nullable field 'Body' must contain a non-null value when exiting constructor. Consider adding the 'required' modifier or declaring the field as nullable. [/Users/spencer/code/nsharplang/examples/17-issue-tracker/backend/IssueTracker.csproj]
/Users/spencer/code/nsharplang/examples/17-issue-tracker/backend/obj/Debug/net10.0/nsharp/__NSharpIlStub.g.cs(93,23): warning CS8618: Non-nullable field 'Title' must contain a non-null value when exiting constructor. Consider adding the 'required' modifier or declaring the field as nullable. [/Users/spencer/code/nsharplang/examples/17-issue-tracker/backend/IssueTracker.csproj]
/Users/spencer/code/nsharplang/examples/17-issue-tracker/backend/obj/Debug/net10.0/nsharp/__NSharpIlStub.g.cs(95,23): warning CS8618: Non-nullable field 'Description' must contain a non-null value when exiting constructor. Consider adding the 'required' modifier or declaring the field as nullable. [/Users/spencer/code/nsharplang/examples/17-issue-tracker/backend/IssueTracker.csproj]
/Users/spencer/code/nsharplang/examples/17-issue-tracker/backend/obj/Debug/net10.0/nsharp/__NSharpIlStub.g.cs(97,36): warning CS8618: Non-nullable field 'Status' must contain a non-null value when exiting constructor. Consider adding the 'required' modifier or declaring the field as nullable. [/Users/spencer/code/nsharplang/examples/17-issue-tracker/backend/IssueTracker.csproj]
/Users/spencer/code/nsharplang/examples/17-issue-tracker/backend/obj/Debug/net10.0/nsharp/__NSharpIlStub.g.cs(99,23): warning CS8618: Non-nullable field 'Priority' must contain a non-null value when exiting constructor. Consider adding the 'required' modifier or declaring the field as nullable. [/Users/spencer/code/nsharplang/examples/17-issue-tracker/backend/IssueTracker.csproj]
/Users/spencer/code/nsharplang/examples/17-issue-tracker/backend/obj/Debug/net10.0/nsharp/__NSharpIlStub.g.cs(103,25): warning CS8618: Non-nullable field 'Tags' must contain a non-null value when exiting constructor. Consider adding the 'required' modifier or declaring the field as nullable. [/Users/spencer/code/nsharplang/examples/17-issue-tracker/backend/IssueTracker.csproj]
/Users/spencer/code/nsharplang/examples/17-issue-tracker/backend/obj/Debug/net10.0/nsharp/__NSharpIlStub.g.cs(236,16): warning CS8618: Non-nullable field 'webhookUrl' must contain a non-null value when exiting constructor. Consider adding the 'required' modifier or declaring the field as nullable. [/Users/spencer/code/nsharplang/examples/17-issue-tracker/backend/IssueTracker.csproj]
/Users/spencer/code/nsharplang/examples/17-issue-tracker/backend/obj/Debug/net10.0/nsharp/__NSharpIlStub.g.cs(247,16): warning CS8618: Non-nullable field 'notifiers' must contain a non-null value when exiting constructor. Consider adding the 'required' modifier or declaring the field as nullable. [/Users/spencer/code/nsharplang/examples/17-issue-tracker/backend/IssueTracker.csproj]
/Users/spencer/code/nsharplang/examples/17-issue-tracker/backend/obj/Debug/net10.0/nsharp/__NSharpIlStub.g.cs(177,20): warning CS8618: Non-nullable field 'field' must contain a non-null value when exiting constructor. Consider adding the 'required' modifier or declaring the field as nullable. [/Users/spencer/code/nsharplang/examples/17-issue-tracker/backend/IssueTracker.csproj]
/Users/spencer/code/nsharplang/examples/17-issue-tracker/backend/obj/Debug/net10.0/nsharp/__NSharpIlStub.g.cs(177,20): warning CS8618: Non-nullable field 'reason' must contain a non-null value when exiting constructor. Consider adding the 'required' modifier or declaring the field as nullable. [/Users/spencer/code/nsharplang/examples/17-issue-tracker/backend/IssueTracker.csproj]
/Users/spencer/code/nsharplang/examples/17-issue-tracker/backend/obj/Debug/net10.0/nsharp/__NSharpIlStub.g.cs(204,23): warning CS8618: Non-nullable field 'Name' must contain a non-null value when exiting constructor. Consider adding the 'required' modifier or declaring the field as nullable. [/Users/spencer/code/nsharplang/examples/17-issue-tracker/backend/IssueTracker.csproj]
/Users/spencer/code/nsharplang/examples/17-issue-tracker/backend/obj/Debug/net10.0/nsharp/__NSharpIlStub.g.cs(206,23): warning CS8618: Non-nullable field 'Email' must contain a non-null value when exiting constructor. Consider adding the 'required' modifier or declaring the field as nullable. [/Users/spencer/code/nsharplang/examples/17-issue-tracker/backend/IssueTracker.csproj]
/Users/spencer/code/nsharplang/examples/17-issue-tracker/backend/obj/Debug/net10.0/nsharp/__NSharpIlStub.g.cs(266,16): warning CS8618: Non-nullable field 'store' must contain a non-null value when exiting constructor. Consider adding the 'required' modifier or declaring the field as nullable. [/Users/spencer/code/nsharplang/examples/17-issue-tracker/backend/IssueTracker.csproj]
/Users/spencer/code/nsharplang/examples/17-issue-tracker/backend/obj/Debug/net10.0/nsharp/__NSharpIlStub.g.cs(266,16): warning CS8618: Non-nullable field 'notifiers' must contain a non-null value when exiting constructor. Consider adding the 'required' modifier or declaring the field as nullable. [/Users/spencer/code/nsharplang/examples/17-issue-tracker/backend/IssueTracker.csproj]
/Users/spencer/code/nsharplang/examples/17-issue-tracker/backend/obj/Debug/net10.0/nsharp/__NSharpIlStub.g.cs(168,20): warning CS8618: Non-nullable field 'from' must contain a non-null value when exiting constructor. Consider adding the 'required' modifier or declaring the field as nullable. [/Users/spencer/code/nsharplang/examples/17-issue-tracker/backend/IssueTracker.csproj]
/Users/spencer/code/nsharplang/examples/17-issue-tracker/backend/obj/Debug/net10.0/nsharp/__NSharpIlStub.g.cs(168,20): warning CS8618: Non-nullable field 'to' must contain a non-null value when exiting constructor. Consider adding the 'required' modifier or declaring the field as nullable. [/Users/spencer/code/nsharplang/examples/17-issue-tracker/backend/IssueTracker.csproj]
/Users/spencer/code/nsharplang/examples/17-issue-tracker/backend/obj/Debug/net10.0/nsharp/__NSharpIlStub.g.cs(144,20): warning CS8618: Non-nullable field 'resolution' must contain a non-null value when exiting constructor. Consider adding the 'required' modifier or declaring the field as nullable. [/Users/spencer/code/nsharplang/examples/17-issue-tracker/backend/IssueTracker.csproj]
/Users/spencer/code/nsharplang/examples/17-issue-tracker/backend/obj/Debug/net10.0/nsharp/__NSharpIlStub.g.cs(187,23): warning CS8618: Non-nullable field 'Title' must contain a non-null value when exiting constructor. Consider adding the 'required' modifier or declaring the field as nullable. [/Users/spencer/code/nsharplang/examples/17-issue-tracker/backend/IssueTracker.csproj]
/Users/spencer/code/nsharplang/examples/17-issue-tracker/backend/obj/Debug/net10.0/nsharp/__NSharpIlStub.g.cs(189,23): warning CS8618: Non-nullable field 'Description' must contain a non-null value when exiting constructor. Consider adding the 'required' modifier or declaring the field as nullable. [/Users/spencer/code/nsharplang/examples/17-issue-tracker/backend/IssueTracker.csproj]
/Users/spencer/code/nsharplang/examples/17-issue-tracker/backend/obj/Debug/net10.0/nsharp/__NSharpIlStub.g.cs(191,28): warning CS8618: Non-nullable field 'Status' must contain a non-null value when exiting constructor. Consider adding the 'required' modifier or declaring the field as nullable. [/Users/spencer/code/nsharplang/examples/17-issue-tracker/backend/IssueTracker.csproj]
/Users/spencer/code/nsharplang/examples/17-issue-tracker/backend/obj/Debug/net10.0/nsharp/__NSharpIlStub.g.cs(197,25): warning CS8618: Non-nullable field 'Tags' must contain a non-null value when exiting constructor. Consider adding the 'required' modifier or declaring the field as nullable. [/Users/spencer/code/nsharplang/examples/17-issue-tracker/backend/IssueTracker.csproj]
/Users/spencer/code/nsharplang/examples/17-issue-tracker/backend/obj/Debug/net10.0/nsharp/__NSharpIlStub.g.cs(48,31): warning CS0649: Field 'Routes.service' is never assigned to, and will always have its default value null [/Users/spencer/code/nsharplang/examples/17-issue-tracker/backend/IssueTracker.csproj]
/Users/spencer/code/nsharplang/examples/17-issue-tracker/backend/obj/Debug/net10.0/nsharp/__NSharpIlStub.g.cs(143,31): warning CS0649: Field 'IssueStatus.Closed.closedAt' is never assigned to, and will always have its default value [/Users/spencer/code/nsharplang/examples/17-issue-tracker/backend/IssueTracker.csproj]
/Users/spencer/code/nsharplang/examples/17-issue-tracker/backend/obj/Debug/net10.0/nsharp/__NSharpIlStub.g.cs(175,29): warning CS0649: Field 'IssueError.ValidationFailed.field' is never assigned to, and will always have its default value null [/Users/spencer/code/nsharplang/examples/17-issue-tracker/backend/IssueTracker.csproj]
/Users/spencer/code/nsharplang/examples/17-issue-tracker/backend/obj/Debug/net10.0/nsharp/__NSharpIlStub.g.cs(260,29): warning CS0649: Field 'IssueService.store' is never assigned to, and will always have its default value null [/Users/spencer/code/nsharplang/examples/17-issue-tracker/backend/IssueTracker.csproj]
/Users/spencer/code/nsharplang/examples/17-issue-tracker/backend/obj/Debug/net10.0/nsharp/__NSharpIlStub.g.cs(50,40): warning CS0649: Field 'Routes.jsonOptions' is never assigned to, and will always have its default value null [/Users/spencer/code/nsharplang/examples/17-issue-tracker/backend/IssueTracker.csproj]
/Users/spencer/code/nsharplang/examples/17-issue-tracker/backend/obj/Debug/net10.0/nsharp/__NSharpIlStub.g.cs(176,29): warning CS0649: Field 'IssueError.ValidationFailed.reason' is never assigned to, and will always have its default value null [/Users/spencer/code/nsharplang/examples/17-issue-tracker/backend/IssueTracker.csproj]
/Users/spencer/code/nsharplang/examples/17-issue-tracker/backend/obj/Debug/net10.0/nsharp/__NSharpIlStub.g.cs(134,26): warning CS0649: Field 'IssueStatus.InProgress.assigneeId' is never assigned to, and will always have its default value 0 [/Users/spencer/code/nsharplang/examples/17-issue-tracker/backend/IssueTracker.csproj]
/Users/spencer/code/nsharplang/examples/17-issue-tracker/backend/obj/Debug/net10.0/nsharp/__NSharpIlStub.g.cs(245,34): warning CS0649: Field 'NotifierHub.notifiers' is never assigned to, and will always have its default value null [/Users/spencer/code/nsharplang/examples/17-issue-tracker/backend/IssueTracker.csproj]
/Users/spencer/code/nsharplang/examples/17-issue-tracker/backend/obj/Debug/net10.0/nsharp/__NSharpIlStub.g.cs(234,25): warning CS0649: Field 'SlackNotifier.webhookUrl' is never assigned to, and will always have its default value null [/Users/spencer/code/nsharplang/examples/17-issue-tracker/backend/IssueTracker.csproj]
/Users/spencer/code/nsharplang/examples/17-issue-tracker/backend/obj/Debug/net10.0/nsharp/__NSharpIlStub.g.cs(142,29): warning CS0649: Field 'IssueStatus.Closed.resolution' is never assigned to, and will always have its default value null [/Users/spencer/code/nsharplang/examples/17-issue-tracker/backend/IssueTracker.csproj]
/Users/spencer/code/nsharplang/examples/17-issue-tracker/backend/obj/Debug/net10.0/nsharp/__NSharpIlStub.g.cs(264,22): warning CS0649: Field 'IssueService.nextId' is never assigned to, and will always have its default value 0 [/Users/spencer/code/nsharplang/examples/17-issue-tracker/backend/IssueTracker.csproj]
/Users/spencer/code/nsharplang/examples/17-issue-tracker/backend/obj/Debug/net10.0/nsharp/__NSharpIlStub.g.cs(262,30): warning CS0649: Field 'IssueService.notifiers' is never assigned to, and will always have its default value null [/Users/spencer/code/nsharplang/examples/17-issue-tracker/backend/IssueTracker.csproj]
/Users/spencer/code/nsharplang/examples/17-issue-tracker/backend/obj/Debug/net10.0/nsharp/__NSharpIlStub.g.cs(166,29): warning CS0649: Field 'IssueError.InvalidTransition.from' is never assigned to, and will always have its default value null [/Users/spencer/code/nsharplang/examples/17-issue-tracker/backend/IssueTracker.csproj]
/Users/spencer/code/nsharplang/examples/17-issue-tracker/backend/obj/Debug/net10.0/nsharp/__NSharpIlStub.g.cs(158,26): warning CS0649: Field 'IssueError.NotFound.id' is never assigned to, and will always have its default value 0 [/Users/spencer/code/nsharplang/examples/17-issue-tracker/backend/IssueTracker.csproj]
/Users/spencer/code/nsharplang/examples/17-issue-tracker/backend/obj/Debug/net10.0/nsharp/__NSharpIlStub.g.cs(167,29): warning CS0649: Field 'IssueError.InvalidTransition.to' is never assigned to, and will always have its default value null [/Users/spencer/code/nsharplang/examples/17-issue-tracker/backend/IssueTracker.csproj]
/Users/spencer/code/nsharplang/examples/17-issue-tracker/backend/obj/Debug/net10.0/nsharp/__NSharpIlStub.g.cs(29,30): warning CS0649: Field 'IssueStore.issues' is never assigned to, and will always have its default value null [/Users/spencer/code/nsharplang/examples/17-issue-tracker/backend/IssueTracker.csproj]
    46 Warning(s)
    0 Error(s)

Time Elapsed 00:00:02.79

[1;36m==> Running N# backend tests[0m
Testing project in /Users/spencer/code/nsharplang/examples/17-issue-tracker/backend...
Found 1 test file(s)

Test run for /Users/spencer/code/nsharplang/examples/17-issue-tracker/backend/bin/Debug/net10.0/IssueTracker.dll (.NETCoreApp,Version=v10.0)
VSTest version 18.0.2 (arm64)

Starting test execution, please wait...
A total of 1 test files matched the specified pattern.

Passed!  - Failed:     0, Passed:     6, Skipped:     0, Total:     6, Duration: 2 ms - IssueTracker.dll (net10.0)
  Tests completed in 3.6s

[1;36m==> Starting ASP.NET backend on http://localhost:5167[0m

[1;36m==> Exercising API: health, list, create, list[0m
ok
[]
{"id":1,"title":"Demo issue from scripts/demo.sh","description":"Created through the N# ASP.NET API during the flagship demo.","status":{"type":"Open"},"priority":"High","createdAt":"2026-05-17T00:02:50.111172Z","tags":["cli","aspnet","nsharp"]}
[{"id":1,"title":"Demo issue from scripts/demo.sh","description":"Created through the N# ASP.NET API during the flagship demo.","status":{"type":"Open"},"priority":"High","createdAt":"2026-05-17T00:02:50.111172Z","tags":["cli","aspnet","nsharp"]}]

[1;36m==> Asserting API JSON contract[0m
API smoke assertions passed: health/list/create/list JSON contract is intact.

[1;36m==> Demo is live[0m
Open http://localhost:5167 in a browser.
Evidence logs written to /Users/spencer/code/nsharplang/examples/17-issue-tracker/.demo-artifacts
ISSUE_TRACKER_HOLD=0 set; stopping after API proof path.
issue-tracker-demo-exit=0
