command: git status --short --untracked-files=all
?? examples/17-issue-tracker/.demo-artifacts/backend.log
?? examples/17-issue-tracker/.demo-artifacts/create-response.json
?? examples/17-issue-tracker/.demo-artifacts/health.txt
?? examples/17-issue-tracker/.demo-artifacts/issues-after.json
?? examples/17-issue-tracker/.demo-artifacts/issues-before.json
?? examples/17-issue-tracker/.demo-artifacts/local-cli/Cli
?? examples/17-issue-tracker/.demo-artifacts/local-cli/Cli.deps.json
?? examples/17-issue-tracker/.demo-artifacts/local-cli/Cli.dll
?? examples/17-issue-tracker/.demo-artifacts/local-cli/Cli.pdb
?? examples/17-issue-tracker/.demo-artifacts/local-cli/Cli.runtimeconfig.json
?? examples/17-issue-tracker/.demo-artifacts/local-cli/Compiler.dll
?? examples/17-issue-tracker/.demo-artifacts/local-cli/Compiler.pdb
?? examples/17-issue-tracker/.demo-artifacts/local-cli/Microsoft.CodeAnalysis.CSharp.dll
?? examples/17-issue-tracker/.demo-artifacts/local-cli/Microsoft.CodeAnalysis.dll
?? examples/17-issue-tracker/.demo-artifacts/local-cli/System.Reflection.MetadataLoadContext.dll
?? examples/17-issue-tracker/.demo-artifacts/local-cli/YamlDotNet.dll
?? examples/17-issue-tracker/.demo-artifacts/local-cli/cs/Microsoft.CodeAnalysis.CSharp.resources.dll
?? examples/17-issue-tracker/.demo-artifacts/local-cli/cs/Microsoft.CodeAnalysis.resources.dll
?? examples/17-issue-tracker/.demo-artifacts/local-cli/de/Microsoft.CodeAnalysis.CSharp.resources.dll
?? examples/17-issue-tracker/.demo-artifacts/local-cli/de/Microsoft.CodeAnalysis.resources.dll
?? examples/17-issue-tracker/.demo-artifacts/local-cli/es/Microsoft.CodeAnalysis.CSharp.resources.dll
?? examples/17-issue-tracker/.demo-artifacts/local-cli/es/Microsoft.CodeAnalysis.resources.dll
?? examples/17-issue-tracker/.demo-artifacts/local-cli/fr/Microsoft.CodeAnalysis.CSharp.resources.dll
?? examples/17-issue-tracker/.demo-artifacts/local-cli/fr/Microsoft.CodeAnalysis.resources.dll
?? examples/17-issue-tracker/.demo-artifacts/local-cli/it/Microsoft.CodeAnalysis.CSharp.resources.dll
?? examples/17-issue-tracker/.demo-artifacts/local-cli/it/Microsoft.CodeAnalysis.resources.dll
?? examples/17-issue-tracker/.demo-artifacts/local-cli/ja/Microsoft.CodeAnalysis.CSharp.resources.dll
?? examples/17-issue-tracker/.demo-artifacts/local-cli/ja/Microsoft.CodeAnalysis.resources.dll
?? examples/17-issue-tracker/.demo-artifacts/local-cli/ko/Microsoft.CodeAnalysis.CSharp.resources.dll
?? examples/17-issue-tracker/.demo-artifacts/local-cli/ko/Microsoft.CodeAnalysis.resources.dll
?? examples/17-issue-tracker/.demo-artifacts/local-cli/pl/Microsoft.CodeAnalysis.CSharp.resources.dll
?? examples/17-issue-tracker/.demo-artifacts/local-cli/pl/Microsoft.CodeAnalysis.resources.dll
?? examples/17-issue-tracker/.demo-artifacts/local-cli/pt-BR/Microsoft.CodeAnalysis.CSharp.resources.dll
?? examples/17-issue-tracker/.demo-artifacts/local-cli/pt-BR/Microsoft.CodeAnalysis.resources.dll
?? examples/17-issue-tracker/.demo-artifacts/local-cli/ru/Microsoft.CodeAnalysis.CSharp.resources.dll
?? examples/17-issue-tracker/.demo-artifacts/local-cli/ru/Microsoft.CodeAnalysis.resources.dll
?? examples/17-issue-tracker/.demo-artifacts/local-cli/tr/Microsoft.CodeAnalysis.CSharp.resources.dll
?? examples/17-issue-tracker/.demo-artifacts/local-cli/tr/Microsoft.CodeAnalysis.resources.dll
?? examples/17-issue-tracker/.demo-artifacts/local-cli/zh-Hans/Microsoft.CodeAnalysis.CSharp.resources.dll
?? examples/17-issue-tracker/.demo-artifacts/local-cli/zh-Hans/Microsoft.CodeAnalysis.resources.dll
?? examples/17-issue-tracker/.demo-artifacts/local-cli/zh-Hant/Microsoft.CodeAnalysis.CSharp.resources.dll
?? examples/17-issue-tracker/.demo-artifacts/local-cli/zh-Hant/Microsoft.CodeAnalysis.resources.dll
